Arguments: 
  C:\Program Files\nodejs\node.exe C:\Users\mitra\AppData\Roaming\npm\node_modules\yarn\bin\yarn.js

PATH: 
  C:\Users\mitra\AppData\Local\cloud-code\installer\google-cloud-sdk\bin;C:\Program Files\Common Files\Oracle\Java\javapath;C:\Program Files\Eclipse Adoptium\jdk-17.0.1.12-hotspot\bin;C:\Python310\Scripts\;C:\Python310\;C:\WINDOWS\system32;C:\WINDOWS;C:\WINDOWS\System32\Wbem;C:\WINDOWS\System32\WindowsPowerShell\v1.0\;C:\WINDOWS\System32\OpenSSH\;C:\xampp\php;C:\Program Files\Git\cmd;C:\ProgramData\ComposerSetup\bin;C:\ProgramData\chocolatey\bin;C:\Program Files\Docker\Docker\resources\bin;C:\ProgramData\DockerDesktop\version-bin;C:\Program Files\apache-maven-3.8.6-bin\apache-maven-3.8.6\bin;C:\Program Files\MySQL\MySQL Server 8.0\bin;C:\Program Files\RabbitMQ Server\rabbitmq_server-3.11.3\sbin;C:\Program Files\nodejs\;C:\Users\mitra\scoop\shims;C:\Users\mitra\anaconda3;C:\Users\mitra\anaconda3\Library\mingw-w64\bin;C:\Users\mitra\anaconda3\Library\usr\bin;C:\Users\mitra\anaconda3\Library\bin;C:\Users\mitra\anaconda3\Scripts;C:\Users\mitra\AppData\Local\Microsoft\WindowsApps;C:\Users\mitra\AppData\Local\Programs\Microsoft VS Code\bin;C:\xampp\mysql\bin;C:\Users\mitra\AppData\Roaming\Composer\vendor\bin;C:\Users\mitra\AppData\Local\Android\Sdk\platform-tools;C:\Users\mitra\AppData\Local\Zip;C:\Program Files\heroku\bin;C:\Users\mitra\Downloads\ngrok-v3-stable-windows-amd64;C:\Users\mitra\Desktop\hashcat;C:\Users\mitra\Downloads\flutter_windows_3.0.5-stable\flutter\bin;C:\Program Files\JetBrains\IntelliJ IDEA Community Edition 2022.2.3\bin;;C:\Program Files\MySQL\MySQL Server 8.0\bin;C:\Program Files\RabbitMQ Server\rabbitmq_server-3.11.3\sbin;C:\Program Files\JetBrains\PyCharm Community Edition 2022.3.1\bin;;C:\Users\mitra\AppData\Roaming\npm

Yarn version: 
  1.22.11

Node version: 
  18.15.0

Platform: 
  win32 x64

Trace: 
  Error: connect ENETUNREACH 2606:4700:8d93:80e2:e4d9:cb:6810:1023:443
      at TCPConnectWrap.afterConnect [as oncomplete] (node:net:1494:16)

npm manifest: 
  {
    "name": "netmedsdemoapp",
    "version": "1.0.0",
    "main": "node_modules/expo/AppEntry.js",
    "scripts": {
      "start": "expo start",
      "android": "expo start --android",
      "ios": "expo start --ios",
      "web": "expo start --web"
    },
    "dependencies": {
      "@emotion/react": "^11.10.6",
      "@emotion/styled": "^11.10.6",
      "@expo/vector-icons": "^13.0.0",
      "@mui/icons-material": "^5.11.16",
      "@mui/material": "^5.11.16",
      "@react-native-material/core": "^1.3.7",
      "@react-navigation/bottom-tabs": "^6.5.7",
      "@react-navigation/material-bottom-tabs": "^6.2.15",
      "@react-navigation/native": "^6.1.6",
      "@react-navigation/native-stack": "^6.9.12",
      "expo": "~48.0.10",
      "expo-status-bar": "~1.4.4",
      "react": "18.2.0",
      "react-native": "0.71.6",
      "react-native-elements": "^3.4.3",
      "react-native-gesture-handler": "^2.9.0",
      "react-native-material": "^0.0.4",
      "react-native-material-color": "^1.0.15",
      "react-native-paper": "^5.6.0",
      "react-native-reanimated": "^2.14.4",
      "react-native-safe-area-context": "^4.5.0",
      "react-native-screens": "^3.20.0",
      "react-native-simple-card-view": "^0.3.0",
      "react-native-vector-icons": "^9.2.0",
      "react-navigation": "^4.4.4"
    },
    "devDependencies": {
      "@babel/core": "^7.20.0"
    },
    "private": true
  }

yarn manifest: 
  No manifest

Lockfile: 
  No lockfile
